app/build/intermediates/manifest_merge_blame_file/debug/manifest-merger-blame-debug-report.txt
1<?xml version="1.0" encoding="utf-8"?>
2<manifest xmlns:android="http://schemas.android.com/apk/res/android"
3    package="com.example.graduationproject"
4    android:versionCode="1"
5    android:versionName="1.0" >
6
7    <uses-sdk
8        android:minSdkVersion="16"
8-->src\main\AndroidManifest.xml
9        android:targetSdkVersion="30" />
9-->src\main\AndroidManifest.xml
10
11    <uses-permission android:name="android.permission.INTERNET" />
11-->src\main\AndroidManifest.xml:5:5-67
11-->src\main\AndroidManifest.xml:5:22-64
12    <uses-permission android:name="android.permission.RECORD_AUDIO" />
12-->src\main\AndroidManifest.xml:7:5-71
12-->src\main\AndroidManifest.xml:7:22-68
13
14    <uses-feature android:name="android.hardware.camera" />
14-->src\main\AndroidManifest.xml:10:5-60
14-->src\main\AndroidManifest.xml:10:19-57
15    <uses-feature android:name="android.hardware.camera.autofocus" />
15-->src\main\AndroidManifest.xml:11:5-70
15-->src\main\AndroidManifest.xml:11:19-67
16
17    <uses-permission android:name="android.permission.CAMERA" />
17-->src\main\AndroidManifest.xml:13:5-65
17-->src\main\AndroidManifest.xml:13:22-62
18    <uses-permission android:name="android.permission.WRITE_EXTERNAL_STORAGE" />
18-->src\main\AndroidManifest.xml:14:5-81
18-->src\main\AndroidManifest.xml:14:22-78
19
20    <application
20-->src\main\AndroidManifest.xml:17:5-46:19
21        android:allowBackup="true"
21-->src\main\AndroidManifest.xml:18:9-35
22        android:appComponentFactory="androidx.core.app.CoreComponentFactory"
22-->[androidx.core:core:1.3.1] AndroidManifest.xml:24:18-86
23        android:debuggable="true"
24        android:icon="@mipmap/ic_launcher"
24-->src\main\AndroidManifest.xml:19:9-43
25        android:label="@string/app_name"
25-->src\main\AndroidManifest.xml:20:9-41
26        android:roundIcon="@mipmap/ic_launcher_round"
26-->src\main\AndroidManifest.xml:21:9-54
27        android:supportsRtl="true"
27-->src\main\AndroidManifest.xml:22:9-35
28        android:testOnly="true"
29        android:theme="@style/AppTheme" >
29-->src\main\AndroidManifest.xml:23:9-40
30        <activity android:name="com.example.graduationproject.ui.SettingActivity" >
30-->src\main\AndroidManifest.xml:24:9-26:20
30-->src\main\AndroidManifest.xml:24:19-53
31        </activity>
32        <activity android:name="com.example.graduationproject.ui.ChatPageDeaf" >
32-->src\main\AndroidManifest.xml:27:9-33:20
32-->src\main\AndroidManifest.xml:27:19-50
33            <intent-filter>
33-->src\main\AndroidManifest.xml:28:13-32:29
34                <action android:name="android.intent.action.MAIN" />
34-->src\main\AndroidManifest.xml:29:17-69
34-->src\main\AndroidManifest.xml:29:25-66
35
36                <category android:name="android.intent.category.LAUNCHER" />
36-->src\main\AndroidManifest.xml:31:17-77
36-->src\main\AndroidManifest.xml:31:27-74
37            </intent-filter>
38        </activity>
39        <activity android:name="com.example.graduationproject.ui.ChatPageNormal" >
39-->src\main\AndroidManifest.xml:34:9-36:20
39-->src\main\AndroidManifest.xml:34:19-52
40        </activity>
41        <activity android:name="com.example.graduationproject.OpenRecordVideo" />
41-->src\main\AndroidManifest.xml:37:9-53
41-->src\main\AndroidManifest.xml:37:19-50
42        <activity android:name="com.example.graduationproject.ui.ChatMenuActivity" />
42-->src\main\AndroidManifest.xml:38:9-57
42-->src\main\AndroidManifest.xml:38:19-54
43        <activity android:name="com.example.graduationproject.ui.SignUpActivity" />
43-->src\main\AndroidManifest.xml:39:9-55
43-->src\main\AndroidManifest.xml:39:19-52
44        <activity android:name="com.example.graduationproject.ui.SignInActivity" />
44-->src\main\AndroidManifest.xml:40:9-55
44-->src\main\AndroidManifest.xml:40:19-52
45        <activity android:name="com.example.graduationproject.activity_splash_screen" />
45-->src\main\AndroidManifest.xml:41:9-60
45-->src\main\AndroidManifest.xml:41:19-57
46
47        <meta-data
47-->src\main\AndroidManifest.xml:43:9-45:57
48            android:name="preloaded_fonts"
48-->src\main\AndroidManifest.xml:44:13-43
49            android:resource="@array/preloaded_fonts" />
49-->src\main\AndroidManifest.xml:45:13-54
50    </application>
51
52</manifest>